#
# A fatal error has been detected by the Java Runtime Environment:
#
#  SIGSEGV (0xb) at pc=0x00007fff876b20dd, pid=23559, tid=1811
#
# JRE version: Java(TM) SE Runtime Environment (8.0_60-b27) (build 1.8.0_60-b27)
# Java VM: Java HotSpot(TM) 64-Bit Server VM (25.60-b23 mixed mode bsd-amd64 compressed oops)
# Problematic frame:
# C  [libobjc.A.dylib+0x10dd]  objc_msgSend+0x1d
#
# Failed to write core dump. Core dumps have been disabled. To enable core dumping, try "ulimit -c unlimited" before starting Java again
#
# If you would like to submit a bug report, please visit:
#   http://bugreport.java.com/bugreport/crash.jsp
# The crash happened outside the Java Virtual Machine in native code.
# See problematic frame for where to report the bug.
#

---------------  T H R E A D  ---------------

Current thread (0x00007ff3ca27b800):  JavaThread "AppKit Thread" daemon [_thread_in_native, id=1811, stack(0x00007fff5da2e000,0x00007fff5e22e000)]

siginfo: si_signo: 11 (SIGSEGV), si_code: 1 (SEGV_MAPERR), si_addr: 0x00000000beb00018

Registers:
RAX=0x00007ff3c9c686b0, RBX=0x00007fff5e229a68, RCX=0x0000000000000000, RDX=0x00007ff3c9c69ed0
RSP=0x00007fff5e229888, RBP=0x00007fff5e229890, RSI=0x00007fff8a2be41e, RDI=0x00007ff3c9c686b0
R8 =0x00007fff5e229870, R9 =0x0000000000000054, R10=0x00007fff8a2be41e, R11=0x00000000beb00000
R12=0x00007ff3c9d12f60, R13=0x00000000000f42ea, R14=0x00007ff3c9cd00a0, R15=0x00007fff5e2299c8
RIP=0x00007fff876b20dd, EFLAGS=0x0000000000010206, ERR=0x0000000000000004
  TRAPNO=0x000000000000000e

Top of Stack: (sp=0x00007fff5e229888)
0x00007fff5e229888:   00007fff9176245c 00007fff5e229bf0
0x00007fff5e229898:   00007fff91652634 00007fff5e22991c
0x00007fff5e2298a8:   00007fff5e229920 00007fff5e229924
0x00007fff5e2298b8:   00007fff763a4e00 ffffffffffffffff
0x00007fff5e2298c8:   00000000000007e0 00007fff763a4e18
0x00007fff5e2298d8:   00007ff3c9cd00a0 0000000000000000
0x00007fff5e2298e8:   00007fff5e2299c0 0000000000000000
0x00007fff5e2298f8:   00007ff3c9db9b50 00007fff5e229a40
0x00007fff5e229908:   0000000000000054 00000000000f42ec
0x00007fff5e229918:   00007ff3c9c69ed0 00007ff3c9db83a0
0x00007fff5e229928:   00007ff3c9d12f60 0000000000000001
0x00007fff5e229938:   00000000000f42ea 00007ff3c9d12f50
0x00007fff5e229948:   00007fff90f9ec05 00000001c9cf70d0
0x00007fff5e229958:   00007fff764de0d0 0000000042000000
0x00007fff5e229968:   00007fff90fa5e63 00007fff7636f240
0x00007fff5e229978:   00007fff5e229a48 00007fff5e2299a0
0x00007fff5e229988:   00007fff5e2299c0 0000000000000000
0x00007fff5e229998:   0000000000000023 0001e10300000001
0x00007fff5e2299a8:   00007ff3c9d12f84 0000000000000000
0x00007fff5e2299b8:   0000000000000000 00007ff3c9db9bd0
0x00007fff5e2299c8:   00007ff3c9cd00a0 0000002000000000
0x00007fff5e2299d8:   0000000000000000 00007fff764de0d0
0x00007fff5e2299e8:   0000000042000000 00007fff90fa54f8
0x00007fff5e2299f8:   00007fff7636f350 00007fff5e229958
0x00007fff5e229a08:   0000000000000000 00007fff5e229ad8
0x00007fff5e229a18:   00007fff74dd0ea0 00007fff5e229b10
0x00007fff5e229a28:   00007fff87949770 00007fff5e229ac0
0x00007fff5e229a38:   00007fff899f24ed 0000000000000050
0x00007fff5e229a48:   0000000000000000 00000000000f42e1
0x00007fff5e229a58:   0000000000000052 0000000000000000
0x00007fff5e229a68:   00000000000f42ea 00007fff5e229ae4
0x00007fff5e229a78:   00000000003c5b01 00000000ffffffff 

Instructions: (pc=0x00007fff876b20dd)
0x00007fff876b20bd:   00 00 00 48 85 ff 2e 74 7a 40 f6 c7 01 2e 75 7e
0x00007fff876b20cd:   49 bb f8 ff ff ff ff 7f 00 00 4c 23 1f 49 89 f2
0x00007fff876b20dd:   45 23 53 18 49 c1 e2 04 4d 03 53 10 49 3b 32 75
0x00007fff876b20ed:   04 41 ff 62 08 49 83 3a 00 74 6a 4d 3b 53 10 74 

Register to memory mapping:

RAX=0x00007ff3c9c686b0 is an unknown value
RBX=0x00007fff5e229a68 is pointing into the stack for thread: 0x00007ff3ca27b800
RCX=0x0000000000000000 is an unknown value
RDX=0x00007ff3c9c69ed0 is an unknown value
RSP=0x00007fff5e229888 is pointing into the stack for thread: 0x00007ff3ca27b800
RBP=0x00007fff5e229890 is pointing into the stack for thread: 0x00007ff3ca27b800
RSI=0x00007fff8a2be41e: -[NSTitlebarContainerView transparent]+0x5e312 in /System/Library/Frameworks/AppKit.framework/Versions/C/AppKit at 0x00007fff898bd000
RDI=0x00007ff3c9c686b0 is an unknown value
R8 =0x00007fff5e229870 is pointing into the stack for thread: 0x00007ff3ca27b800
R9 =0x0000000000000054 is an unknown value
R10=0x00007fff8a2be41e: -[NSTitlebarContainerView transparent]+0x5e312 in /System/Library/Frameworks/AppKit.framework/Versions/C/AppKit at 0x00007fff898bd000
R11=0x00000000beb00000 is an unknown value
R12=0x00007ff3c9d12f60 is an unknown value
R13=0x00000000000f42ea is an unknown value
R14=0x00007ff3c9cd00a0 is an unknown value
R15=0x00007fff5e2299c8 is pointing into the stack for thread: 0x00007ff3ca27b800


Stack: [0x00007fff5da2e000,0x00007fff5e22e000],  sp=0x00007fff5e229888,  free space=8174k
Native frames: (J=compiled Java code, j=interpreted, Vv=VM code, C=native code)
C  [libobjc.A.dylib+0x10dd]  objc_msgSend+0x1d
C  [CoreFoundation+0x10634]  _CFXNotificationPost+0xc44
C  [Foundation+0x79d1]  -[NSNotificationCenter postNotificationName:object:userInfo:]+0x42
C  [AppKit+0x439c2]  -[NSSurface _disposeSurface]+0x98
C  [AppKit+0x43426]  -[NSSurface setWindow:]+0x42
C  [AppKit+0x33910]  -[NSView _setWindow:]+0xa33
C  [AppKit+0x6af91]  -[NSView removeFromSuperview]+0x1c5
C  [AppKit+0x14bd99]  -[NSView removeFromSuperviewWithoutNeedingDisplay]+0x26
C  [liblwjgl.dylib+0xa205]  +[MacOSXKeyableWindow destroyWindow]+0xb5
C  [Foundation+0x92d00]  __NSThreadPerformPerform+0x125
C  [CoreFoundation+0x80a01]  __CFRUNLOOP_IS_CALLING_OUT_TO_A_SOURCE0_PERFORM_FUNCTION__+0x11
C  [CoreFoundation+0x72b8d]  __CFRunLoopDoSources0+0x10d
C  [CoreFoundation+0x721bf]  __CFRunLoopRun+0x39f
C  [CoreFoundation+0x71bd8]  CFRunLoopRunSpecific+0x128
C  [HIToolbox+0x3256f]  RunCurrentEventLoopInMode+0xeb
C  [HIToolbox+0x321ee]  ReceiveNextEventCommon+0xb3
C  [HIToolbox+0x3212b]  _BlockUntilNextEventMatchingListInModeWithFilter+0x47
C  [AppKit+0x918ab]  _DPSNextEvent+0x3d2
C  [AppKit+0x90e58]  -[NSApplication nextEventMatchingMask:untilDate:inMode:dequeue:]+0x15a
C  [libosxapp.dylib+0x23aa]  -[NSApplicationAWT nextEventMatchingMask:untilDate:inMode:dequeue:]+0x7c
C  [AppKit+0x86af3]  -[NSApplication run]+0x252
C  [libosxapp.dylib+0x214d]  +[NSApplicationAWT runAWTLoopWithApp:]+0x9c
C  [libawt_lwawt.dylib+0x44517]  -[AWTStarter starter:]+0x389
C  [Foundation+0x92d00]  __NSThreadPerformPerform+0x125
C  [CoreFoundation+0x80a01]  __CFRUNLOOP_IS_CALLING_OUT_TO_A_SOURCE0_PERFORM_FUNCTION__+0x11
C  [CoreFoundation+0x72b8d]  __CFRunLoopDoSources0+0x10d
C  [CoreFoundation+0x721bf]  __CFRunLoopRun+0x39f
C  [CoreFoundation+0x71bd8]  CFRunLoopRunSpecific+0x128
C  [java+0x6463]  CreateExecutionEnvironment+0x367
C  [java+0x21ac]  JLI_Launch+0x7a0
C  [java+0x84c0]  main+0x65
C  [java+0x1a04]  start+0x34
C  0x0000000000000006


---------------  P R O C E S S  ---------------

Java Threads: ( => current thread )
  0x00007ff3ca346800 JavaThread "AWT-Shutdown" [_thread_blocked, id=27675, stack(0x000000011a3a0000,0x000000011a4a0000)]
=>0x00007ff3ca27b800 JavaThread "AppKit Thread" daemon [_thread_in_native, id=1811, stack(0x00007fff5da2e000,0x00007fff5e22e000)]
  0x00007ff3ca848800 JavaThread "Service Thread" daemon [_thread_blocked, id=16643, stack(0x000000011881d000,0x000000011891d000)]
  0x00007ff3ca077000 JavaThread "C1 CompilerThread1" daemon [_thread_blocked, id=16131, stack(0x000000011871a000,0x000000011881a000)]
  0x00007ff3ca827800 JavaThread "C2 CompilerThread0" daemon [_thread_blocked, id=15619, stack(0x0000000118617000,0x0000000118717000)]
  0x00007ff3ca037000 JavaThread "Signal Dispatcher" daemon [_thread_blocked, id=15123, stack(0x0000000118514000,0x0000000118614000)]
  0x00007ff3ca060000 JavaThread "Finalizer" daemon [_thread_blocked, id=10499, stack(0x0000000116b07000,0x0000000116c07000)]
  0x00007ff3ca05f000 JavaThread "Reference Handler" daemon [_thread_blocked, id=9987, stack(0x0000000116a04000,0x0000000116b04000)]
  0x00007ff3ca802000 JavaThread "main" [_thread_in_native, id=4867, stack(0x0000000102a72000,0x0000000102b72000)]

Other Threads:
  0x00007ff3ca813800 VMThread [stack: 0x0000000116901000,0x0000000116a01000] [id=9475]
  0x00007ff3ca061800 WatcherThread [stack: 0x0000000118920000,0x0000000118a20000] [id=17155]

VM state:not at safepoint (normal execution)

VM Mutex/Monitor currently owned by a thread: None

Heap:
 PSYoungGen      total 24064K, used 7377K [0x00000007a5580000, 0x00000007a7000000, 0x00000007c0000000)
  eden space 20992K, 35% used [0x00000007a5580000,0x00000007a5cb46a8,0x00000007a6a00000)
  from space 3072K, 0% used [0x00000007a6d00000,0x00000007a6d00000,0x00000007a7000000)
  to   space 3072K, 0% used [0x00000007a6a00000,0x00000007a6a00000,0x00000007a6d00000)
 ParOldGen       total 54784K, used 0K [0x0000000770000000, 0x0000000773580000, 0x00000007a5580000)
  object space 54784K, 0% used [0x0000000770000000,0x0000000770000000,0x0000000773580000)
 Metaspace       used 5845K, capacity 6047K, committed 6400K, reserved 1056768K
  class space    used 588K, capacity 664K, committed 768K, reserved 1048576K

Card table byte_map: [0x00000001123c0000,0x0000000112641000] byte_map_base: 0x000000010e840000

Marking Bits: (ParMarkBitMap*) 0x00000001023afe20
 Begin Bits: [0x00000001129f2000, 0x0000000113df2000)
 End Bits:   [0x0000000113df2000, 0x00000001151f2000)

Polling page: 0x0000000102bb7000

CodeCache: size=245760Kb used=2138Kb max_used=2150Kb free=243621Kb
 bounds [0x0000000103000000, 0x0000000103270000, 0x0000000112000000]
 total_blobs=830 nmethods=494 adapters=252
 compilation: enabled

Compilation events (10 events):
Event: 5.987 Thread 0x00007ff3ca077000 nmethod 486 0x0000000103212790 code [0x0000000103212ae0, 0x0000000103213df8]
Event: 5.987 Thread 0x00007ff3ca077000  487       3       org.lwjgl.opengl.GL11::glBegin (19 bytes)
Event: 5.988 Thread 0x00007ff3ca077000 nmethod 487 0x0000000103214c10 code [0x0000000103214e00, 0x00000001032154d8]
Event: 5.991 Thread 0x00007ff3ca077000  490       3       org.lwjgl.opengl.GL11::glEnd (18 bytes)
Event: 5.991 Thread 0x00007ff3ca077000 nmethod 490 0x00000001032158d0 code [0x0000000103215ac0, 0x0000000103216178]
Event: 6.903 Thread 0x00007ff3ca827800  492       4       java.nio.DirectIntBufferU::get (16 bytes)
Event: 6.905 Thread 0x00007ff3ca827800 nmethod 492 0x0000000103219550 code [0x00000001032196a0, 0x0000000103219758]
Event: 7.501 Thread 0x00007ff3ca827800  493       4       java.nio.HeapByteBuffer::compact (52 bytes)
Event: 7.504 Thread 0x00007ff3ca827800 nmethod 493 0x0000000103217ad0 code [0x0000000103217c40, 0x0000000103217e58]
Event: 7.871 Thread 0x00007ff3ca827800  494       4       java.nio.DirectByteBuffer::put (18 bytes)

GC Heap History (0 events):
No events

Deoptimization events (1 events):
Event: 2.599 Thread 0x00007ff3ca802000 Uncommon trap: reason=unstable_if action=reinterpret pc=0x00000001031aa38c method=java.lang.String.replace(CC)Ljava/lang/String; @ 26

Internal exceptions (10 events):
Event: 0.535 Thread 0x00007ff3ca802000 Exception <a 'java/security/PrivilegedActionException'> (0x00000007a56a0c88) thrown at [/Users/java_re/workspace/8-2-build-macosx-x86_64/jdk8u60/4407/hotspot/src/share/vm/prims/jvm.cpp, line 1386]
Event: 0.535 Thread 0x00007ff3ca802000 Exception <a 'java/security/PrivilegedActionException'> (0x00000007a56a0e98) thrown at [/Users/java_re/workspace/8-2-build-macosx-x86_64/jdk8u60/4407/hotspot/src/share/vm/prims/jvm.cpp, line 1386]
Event: 0.623 Thread 0x00007ff3ca802000 Exception <a 'java/security/PrivilegedActionException'> (0x00000007a57b95b0) thrown at [/Users/java_re/workspace/8-2-build-macosx-x86_64/jdk8u60/4407/hotspot/src/share/vm/prims/jvm.cpp, line 1386]
Event: 0.623 Thread 0x00007ff3ca802000 Exception <a 'java/security/PrivilegedActionException'> (0x00000007a57b97c0) thrown at [/Users/java_re/workspace/8-2-build-macosx-x86_64/jdk8u60/4407/hotspot/src/share/vm/prims/jvm.cpp, line 1386]
Event: 0.624 Thread 0x00007ff3ca802000 Exception <a 'java/security/PrivilegedActionException'> (0x00000007a57bcc48) thrown at [/Users/java_re/workspace/8-2-build-macosx-x86_64/jdk8u60/4407/hotspot/src/share/vm/prims/jvm.cpp, line 1386]
Event: 0.624 Thread 0x00007ff3ca802000 Exception <a 'java/security/PrivilegedActionException'> (0x00000007a57bce58) thrown at [/Users/java_re/workspace/8-2-build-macosx-x86_64/jdk8u60/4407/hotspot/src/share/vm/prims/jvm.cpp, line 1386]
Event: 0.754 Thread 0x00007ff3ca802000 Exception <a 'java/lang/NoSuchFieldError': method resolution failed> (0x00000007a588b7d0) thrown at [/Users/java_re/workspace/8-2-build-macosx-x86_64/jdk8u60/4407/hotspot/src/share/vm/prims/methodHandles.cpp, line 1146]
Event: 0.757 Thread 0x00007ff3ca802000 Exception <a 'java/lang/NoSuchFieldError': method resolution failed> (0x00000007a5898f20) thrown at [/Users/java_re/workspace/8-2-build-macosx-x86_64/jdk8u60/4407/hotspot/src/share/vm/prims/methodHandles.cpp, line 1146]
Event: 1.926 Thread 0x00007ff3ca802000 Exception <a 'java/io/FileNotFoundException'> (0x00000007a5913e70) thrown at [/Users/java_re/workspace/8-2-build-macosx-x86_64/jdk8u60/4407/hotspot/src/share/vm/prims/jni.cpp, line 709]
Event: 1.927 Thread 0x00007ff3ca802000 Exception <a 'java/io/FileNotFoundException'> (0x00000007a59149c0) thrown at [/Users/java_re/workspace/8-2-build-macosx-x86_64/jdk8u60/4407/hotspot/src/share/vm/prims/jni.cpp, line 709]

Events (10 events):
Event: 6.469 loading class java/util/IdentityHashMap$IdentityHashMapIterator done
Event: 6.469 loading class java/util/IdentityHashMap$ValueIterator done
Event: 6.469 loading class java/util/HashMap$KeySet
Event: 6.470 loading class java/util/HashMap$KeySet done
Event: 6.470 loading class java/util/HashMap$KeyIterator
Event: 6.470 loading class java/util/HashMap$KeyIterator done
Event: 6.470 Thread 0x00007ff3ca9ab000 Thread exited: 0x00007ff3ca9ab000
Event: 6.848 Thread 0x00007ff3ca346800 Thread added: 0x00007ff3ca346800
Event: 7.866 loading class org/lwjgl/opengl/CallbackUtil
Event: 7.866 loading class org/lwjgl/opengl/CallbackUtil done


Dynamic libraries:
0x0000000004373000 	/System/Library/Frameworks/Cocoa.framework/Versions/A/Cocoa
0x0000000004373000 	/System/Library/Frameworks/Security.framework/Versions/A/Security
0x0000000004373000 	/System/Library/Frameworks/ApplicationServices.framework/Versions/A/ApplicationServices
0x0000000004373000 	/usr/lib/libz.1.dylib
0x0000000004373000 	/usr/lib/libSystem.B.dylib
0x0000000004373000 	/usr/lib/libobjc.A.dylib
0x0000000004373000 	/System/Library/Frameworks/CoreFoundation.framework/Versions/A/CoreFoundation
0x0000000004373000 	/System/Library/Frameworks/Foundation.framework/Versions/C/Foundation
0x0000000004373000 	/System/Library/Frameworks/AppKit.framework/Versions/C/AppKit
0x0000000004373000 	/System/Library/Frameworks/CoreData.framework/Versions/A/CoreData
0x0000000004373000 	/System/Library/PrivateFrameworks/RemoteViewServices.framework/Versions/A/RemoteViewServices
0x0000000004373000 	/System/Library/PrivateFrameworks/UIFoundation.framework/Versions/A/UIFoundation
0x0000000004373000 	/System/Library/Frameworks/IOSurface.framework/Versions/A/IOSurface
0x0000000004373000 	/System/Library/Frameworks/AudioToolbox.framework/Versions/A/AudioToolbox
0x0000000004373000 	/System/Library/Frameworks/AudioUnit.framework/Versions/A/AudioUnit
0x0000000004373000 	/System/Library/PrivateFrameworks/DataDetectorsCore.framework/Versions/A/DataDetectorsCore
0x0000000004373000 	/System/Library/PrivateFrameworks/DesktopServicesPriv.framework/Versions/A/DesktopServicesPriv
0x0000000004373000 	/System/Library/Frameworks/Carbon.framework/Versions/A/Frameworks/HIToolbox.framework/Versions/A/HIToolbox
0x0000000004373000 	/System/Library/Frameworks/QuartzCore.framework/Versions/A/QuartzCore
0x0000000004373000 	/System/Library/Frameworks/Carbon.framework/Versions/A/Frameworks/SpeechRecognition.framework/Versions/A/SpeechRecognition
0x0000000004373000 	/usr/lib/libauto.dylib
0x0000000004373000 	/usr/lib/libicucore.A.dylib
0x0000000004373000 	/usr/lib/libxml2.2.dylib
0x0000000004373000 	/System/Library/PrivateFrameworks/CoreUI.framework/Versions/A/CoreUI
0x0000000004373000 	/System/Library/Frameworks/CoreAudio.framework/Versions/A/CoreAudio
0x0000000004373000 	/System/Library/Frameworks/DiskArbitration.framework/Versions/A/DiskArbitration
0x0000000004373000 	/usr/lib/liblangid.dylib
0x0000000004373000 	/System/Library/PrivateFrameworks/MultitouchSupport.framework/Versions/A/MultitouchSupport
0x0000000004373000 	/System/Library/Frameworks/IOKit.framework/Versions/A/IOKit
0x0000000004373000 	/usr/lib/libDiagnosticMessagesClient.dylib
0x0000000004373000 	/System/Library/Frameworks/CoreServices.framework/Versions/A/CoreServices
0x0000000004373000 	/System/Library/PrivateFrameworks/PerformanceAnalysis.framework/Versions/A/PerformanceAnalysis
0x0000000004373000 	/System/Library/PrivateFrameworks/GenerationalStorage.framework/Versions/A/GenerationalStorage
0x0000000004373000 	/System/Library/Frameworks/OpenGL.framework/Versions/A/OpenGL
0x0000000004373000 	/System/Library/PrivateFrameworks/Sharing.framework/Versions/A/Sharing
0x0000000004373000 	/System/Library/Frameworks/CoreGraphics.framework/Versions/A/CoreGraphics
0x0000000004373000 	/System/Library/Frameworks/CoreText.framework/Versions/A/CoreText
0x0000000004373000 	/System/Library/Frameworks/ImageIO.framework/Versions/A/ImageIO
0x0000000004373000 	/usr/lib/libextension.dylib
0x0000000004373000 	/System/Library/PrivateFrameworks/Backup.framework/Versions/A/Backup
0x0000000004373000 	/usr/lib/libarchive.2.dylib
0x0000000004373000 	/System/Library/Frameworks/CFNetwork.framework/Versions/A/CFNetwork
0x0000000004373000 	/System/Library/Frameworks/SystemConfiguration.framework/Versions/A/SystemConfiguration
0x0000000004373000 	/usr/lib/libCRFSuite.dylib
0x0000000004373000 	/usr/lib/libc++.1.dylib
0x0000000004373000 	/usr/lib/libc++abi.dylib
0x0000000004373000 	/usr/lib/system/libcache.dylib
0x0000000004373000 	/usr/lib/system/libcommonCrypto.dylib
0x0000000004373000 	/usr/lib/system/libcompiler_rt.dylib
0x0000000004373000 	/usr/lib/system/libcopyfile.dylib
0x0000000004373000 	/usr/lib/system/libcorecrypto.dylib
0x0000000004373000 	/usr/lib/system/libdispatch.dylib
0x0000000004373000 	/usr/lib/system/libdyld.dylib
0x0000000004373000 	/usr/lib/system/libkeymgr.dylib
0x0000000004373000 	/usr/lib/system/liblaunch.dylib
0x0000000004373000 	/usr/lib/system/libmacho.dylib
0x0000000004373000 	/usr/lib/system/libquarantine.dylib
0x0000000004373000 	/usr/lib/system/libremovefile.dylib
0x0000000004373000 	/usr/lib/system/libsystem_asl.dylib
0x0000000004373000 	/usr/lib/system/libsystem_blocks.dylib
0x0000000004373000 	/usr/lib/system/libsystem_c.dylib
0x0000000004373000 	/usr/lib/system/libsystem_configuration.dylib
0x0000000004373000 	/usr/lib/system/libsystem_coreservices.dylib
0x0000000004373000 	/usr/lib/system/libsystem_coretls.dylib
0x0000000004373000 	/usr/lib/system/libsystem_dnssd.dylib
0x0000000004373000 	/usr/lib/system/libsystem_info.dylib
0x0000000004373000 	/usr/lib/system/libsystem_kernel.dylib
0x0000000004373000 	/usr/lib/system/libsystem_m.dylib
0x0000000004373000 	/usr/lib/system/libsystem_malloc.dylib
0x0000000004373000 	/usr/lib/system/libsystem_network.dylib
0x0000000004373000 	/usr/lib/system/libsystem_networkextension.dylib
0x0000000004373000 	/usr/lib/system/libsystem_notify.dylib
0x0000000004373000 	/usr/lib/system/libsystem_platform.dylib
0x0000000004373000 	/usr/lib/system/libsystem_pthread.dylib
0x0000000004373000 	/usr/lib/system/libsystem_sandbox.dylib
0x0000000004373000 	/usr/lib/system/libsystem_secinit.dylib
0x0000000004373000 	/usr/lib/system/libsystem_stats.dylib
0x0000000004373000 	/usr/lib/system/libsystem_trace.dylib
0x0000000004373000 	/usr/lib/system/libunc.dylib
0x0000000004373000 	/usr/lib/system/libunwind.dylib
0x0000000004373000 	/usr/lib/system/libxpc.dylib
0x0000000004373000 	/usr/lib/libbz2.1.0.dylib
0x0000000004373000 	/usr/lib/liblzma.5.dylib
0x0000000004373000 	/usr/lib/libbsm.0.dylib
0x0000000004373000 	/usr/lib/libsqlite3.dylib
0x0000000004373000 	/usr/lib/system/libkxld.dylib
0x0000000004373000 	/usr/lib/libxar.1.dylib
0x0000000004373000 	/usr/lib/libpam.2.dylib
0x0000000004373000 	/usr/lib/libOpenScriptingUtil.dylib
0x0000000004373000 	/System/Library/Frameworks/CoreServices.framework/Versions/A/Frameworks/FSEvents.framework/Versions/A/FSEvents
0x0000000004373000 	/System/Library/Frameworks/CoreServices.framework/Versions/A/Frameworks/CarbonCore.framework/Versions/A/CarbonCore
0x0000000004373000 	/System/Library/Frameworks/CoreServices.framework/Versions/A/Frameworks/Metadata.framework/Versions/A/Metadata
0x0000000004373000 	/System/Library/Frameworks/CoreServices.framework/Versions/A/Frameworks/OSServices.framework/Versions/A/OSServices
0x0000000004373000 	/System/Library/Frameworks/CoreServices.framework/Versions/A/Frameworks/SearchKit.framework/Versions/A/SearchKit
0x0000000004373000 	/System/Library/Frameworks/CoreServices.framework/Versions/A/Frameworks/AE.framework/Versions/A/AE
0x0000000004373000 	/System/Library/Frameworks/CoreServices.framework/Versions/A/Frameworks/LaunchServices.framework/Versions/A/LaunchServices
0x0000000004373000 	/System/Library/Frameworks/CoreServices.framework/Versions/A/Frameworks/DictionaryServices.framework/Versions/A/DictionaryServices
0x0000000004373000 	/System/Library/Frameworks/NetFS.framework/Versions/A/NetFS
0x0000000004373000 	/System/Library/PrivateFrameworks/NetAuth.framework/Versions/A/NetAuth
0x0000000004373000 	/System/Library/PrivateFrameworks/login.framework/Versions/A/Frameworks/loginsupport.framework/Versions/A/loginsupport
0x0000000004373000 	/System/Library/PrivateFrameworks/TCC.framework/Versions/A/TCC
0x0000000004373000 	/usr/lib/libmecabra.dylib
0x0000000004373000 	/System/Library/Frameworks/ApplicationServices.framework/Versions/A/Frameworks/ATS.framework/Versions/A/ATS
0x0000000004373000 	/System/Library/Frameworks/ApplicationServices.framework/Versions/A/Frameworks/ColorSync.framework/Versions/A/ColorSync
0x0000000004373000 	/System/Library/Frameworks/ApplicationServices.framework/Versions/A/Frameworks/HIServices.framework/Versions/A/HIServices
0x0000000004373000 	/System/Library/Frameworks/ApplicationServices.framework/Versions/A/Frameworks/LangAnalysis.framework/Versions/A/LangAnalysis
0x0000000004373000 	/System/Library/Frameworks/ApplicationServices.framework/Versions/A/Frameworks/PrintCore.framework/Versions/A/PrintCore
0x0000000004373000 	/System/Library/Frameworks/ApplicationServices.framework/Versions/A/Frameworks/QD.framework/Versions/A/QD
0x0000000004373000 	/System/Library/Frameworks/ApplicationServices.framework/Versions/A/Frameworks/SpeechSynthesis.framework/Versions/A/SpeechSynthesis
0x0000000004373000 	/System/Library/Frameworks/Accelerate.framework/Versions/A/Accelerate
0x0000000004373000 	/System/Library/Frameworks/Accelerate.framework/Versions/A/Frameworks/vImage.framework/Versions/A/vImage
0x0000000004373000 	/System/Library/Frameworks/Accelerate.framework/Versions/A/Frameworks/vecLib.framework/Versions/A/vecLib
0x0000000004373000 	/System/Library/Frameworks/Accelerate.framework/Versions/A/Frameworks/vecLib.framework/Versions/A/libvDSP.dylib
0x0000000004373000 	/System/Library/Frameworks/Accelerate.framework/Versions/A/Frameworks/vecLib.framework/Versions/A/libvMisc.dylib
0x0000000004373000 	/System/Library/Frameworks/Accelerate.framework/Versions/A/Frameworks/vecLib.framework/Versions/A/libLAPACK.dylib
0x0000000004373000 	/System/Library/Frameworks/Accelerate.framework/Versions/A/Frameworks/vecLib.framework/Versions/A/libBLAS.dylib
0x0000000004373000 	/System/Library/Frameworks/Accelerate.framework/Versions/A/Frameworks/vecLib.framework/Versions/A/libLinearAlgebra.dylib
0x0000000004373000 	/System/Library/Frameworks/ApplicationServices.framework/Versions/A/Frameworks/ATS.framework/Versions/A/Resources/libFontParser.dylib
0x0000000004373000 	/System/Library/Frameworks/ApplicationServices.framework/Versions/A/Frameworks/ATS.framework/Versions/A/Resources/libFontRegistry.dylib
0x0000000004373000 	/System/Library/PrivateFrameworks/AppleVPA.framework/Versions/A/AppleVPA
0x0000000004373000 	/System/Library/PrivateFrameworks/AppleJPEG.framework/Versions/A/AppleJPEG
0x0000000004373000 	/System/Library/Frameworks/ImageIO.framework/Versions/A/Resources/libJPEG.dylib
0x0000000004373000 	/System/Library/Frameworks/ImageIO.framework/Versions/A/Resources/libTIFF.dylib
0x0000000004373000 	/System/Library/Frameworks/ImageIO.framework/Versions/A/Resources/libPng.dylib
0x0000000004373000 	/System/Library/Frameworks/ImageIO.framework/Versions/A/Resources/libGIF.dylib
0x0000000004373000 	/System/Library/Frameworks/ImageIO.framework/Versions/A/Resources/libJP2.dylib
0x0000000004373000 	/System/Library/Frameworks/ImageIO.framework/Versions/A/Resources/libRadiance.dylib
0x0000000004373000 	/System/Library/Frameworks/CoreVideo.framework/Versions/A/CoreVideo
0x0000000004373000 	/System/Library/Frameworks/OpenGL.framework/Versions/A/Libraries/libGLU.dylib
0x0000000004373000 	/System/Library/Frameworks/OpenGL.framework/Versions/A/Libraries/libGFXShared.dylib
0x0000000004373000 	/System/Library/Frameworks/OpenGL.framework/Versions/A/Libraries/libGL.dylib
0x0000000004373000 	/System/Library/Frameworks/OpenGL.framework/Versions/A/Libraries/libGLImage.dylib
0x0000000004373000 	/System/Library/Frameworks/OpenGL.framework/Versions/A/Libraries/libCVMSPluginSupport.dylib
0x0000000004373000 	/System/Library/Frameworks/OpenGL.framework/Versions/A/Libraries/libCoreVMClient.dylib
0x0000000004373000 	/usr/lib/libcups.2.dylib
0x0000000004373000 	/System/Library/Frameworks/Kerberos.framework/Versions/A/Kerberos
0x0000000004373000 	/System/Library/Frameworks/GSS.framework/Versions/A/GSS
0x0000000004373000 	/usr/lib/libresolv.9.dylib
0x0000000004373000 	/usr/lib/libiconv.2.dylib
0x0000000004373000 	/System/Library/PrivateFrameworks/Heimdal.framework/Versions/A/Heimdal
0x0000000004373000 	/usr/lib/libheimdal-asn1.dylib
0x0000000004373000 	/System/Library/Frameworks/OpenDirectory.framework/Versions/A/OpenDirectory
0x0000000004373000 	/System/Library/PrivateFrameworks/CommonAuth.framework/Versions/A/CommonAuth
0x0000000004373000 	/System/Library/Frameworks/OpenDirectory.framework/Versions/A/Frameworks/CFOpenDirectory.framework/Versions/A/CFOpenDirectory
0x0000000004373000 	/System/Library/Frameworks/SecurityFoundation.framework/Versions/A/SecurityFoundation
0x0000000004373000 	/System/Library/PrivateFrameworks/LanguageModeling.framework/Versions/A/LanguageModeling
0x0000000004373000 	/usr/lib/libcmph.dylib
0x0000000004373000 	/System/Library/Frameworks/ServiceManagement.framework/Versions/A/ServiceManagement
0x0000000004373000 	/usr/lib/libxslt.1.dylib
0x0000000004373000 	/System/Library/Frameworks/Carbon.framework/Versions/A/Frameworks/Ink.framework/Versions/A/Ink
0x0000000004373000 	/System/Library/Frameworks/QuartzCore.framework/Versions/A/Frameworks/CoreImage.framework/Versions/A/CoreImage
0x0000000004373000 	/System/Library/PrivateFrameworks/CrashReporterSupport.framework/Versions/A/CrashReporterSupport
0x0000000004373000 	/System/Library/Frameworks/OpenCL.framework/Versions/A/OpenCL
0x0000000004373000 	/System/Library/PrivateFrameworks/FaceCore.framework/Versions/A/FaceCore
0x0000000004373000 	/System/Library/PrivateFrameworks/Ubiquity.framework/Versions/A/Ubiquity
0x0000000004373000 	/System/Library/PrivateFrameworks/IconServices.framework/Versions/A/IconServices
0x0000000004373000 	/System/Library/PrivateFrameworks/ChunkingLibrary.framework/Versions/A/ChunkingLibrary
0x0000000004373000 	/System/Library/PrivateFrameworks/Apple80211.framework/Versions/A/Apple80211
0x0000000004373000 	/System/Library/Frameworks/CoreWLAN.framework/Versions/A/CoreWLAN
0x0000000004373000 	/System/Library/Frameworks/IOBluetooth.framework/Versions/A/IOBluetooth
0x0000000004373000 	/System/Library/PrivateFrameworks/CoreWiFi.framework/Versions/A/CoreWiFi
0x0000000004373000 	/System/Library/Frameworks/CoreBluetooth.framework/Versions/A/CoreBluetooth
0x0000000004373000 	/System/Library/PrivateFrameworks/DebugSymbols.framework/Versions/A/DebugSymbols
0x0000000004373000 	/System/Library/PrivateFrameworks/CoreSymbolication.framework/Versions/A/CoreSymbolication
0x0000000004373000 	/System/Library/PrivateFrameworks/Symbolication.framework/Versions/A/Symbolication
0x0000000004373000 	/System/Library/PrivateFrameworks/SpeechRecognitionCore.framework/Versions/A/SpeechRecognitionCore
0x0000000101ad1000 	/Library/Java/JavaVirtualMachines/jdk1.8.0_60.jdk/Contents/Home/jre/lib/server/libjvm.dylib
0x0000000004373000 	/usr/lib/libstdc++.6.dylib
0x0000000102b74000 	/Library/Java/JavaVirtualMachines/jdk1.8.0_60.jdk/Contents/Home/jre/lib/libverify.dylib
0x0000000102b82000 	/Library/Java/JavaVirtualMachines/jdk1.8.0_60.jdk/Contents/Home/jre/lib/libjava.dylib
0x0000000102bc1000 	/Library/Java/JavaVirtualMachines/jdk1.8.0_60.jdk/Contents/Home/jre/lib/libzip.dylib
0x0000000102be4000 	/System/Library/Frameworks/JavaVM.framework/Frameworks/JavaRuntimeSupport.framework/JavaRuntimeSupport
0x0000000116c09000 	/System/Library/Frameworks/JavaVM.framework/Versions/A/Frameworks/JavaNativeFoundation.framework/Versions/A/JavaNativeFoundation
0x0000000116c1e000 	/System/Library/Frameworks/JavaVM.framework/Versions/A/JavaVM
0x0000000004373000 	/System/Library/Frameworks/Carbon.framework/Versions/A/Carbon
0x0000000116c2b000 	/System/Library/PrivateFrameworks/JavaLaunching.framework/Versions/A/JavaLaunching
0x0000000004373000 	/System/Library/Frameworks/Carbon.framework/Versions/A/Frameworks/CommonPanels.framework/Versions/A/CommonPanels
0x0000000004373000 	/System/Library/Frameworks/Carbon.framework/Versions/A/Frameworks/Help.framework/Versions/A/Help
0x0000000004373000 	/System/Library/Frameworks/Carbon.framework/Versions/A/Frameworks/ImageCapture.framework/Versions/A/ImageCapture
0x0000000004373000 	/System/Library/Frameworks/Carbon.framework/Versions/A/Frameworks/OpenScripting.framework/Versions/A/OpenScripting
0x0000000004373000 	/System/Library/Frameworks/Carbon.framework/Versions/A/Frameworks/Print.framework/Versions/A/Print
0x0000000004373000 	/System/Library/Frameworks/Carbon.framework/Versions/A/Frameworks/SecurityHI.framework/Versions/A/SecurityHI
0x0000000118a6c000 	/Library/Java/JavaVirtualMachines/jdk1.8.0_60.jdk/Contents/Home/jre/lib/libawt.dylib
0x0000000118b14000 	/Library/Java/JavaVirtualMachines/jdk1.8.0_60.jdk/Contents/Home/jre/lib/./libmlib_image.dylib
0x0000000118be0000 	/Library/Java/JavaVirtualMachines/jdk1.8.0_60.jdk/Contents/Home/jre/lib/libawt_lwawt.dylib
0x0000000118c95000 	/Library/Java/JavaVirtualMachines/jdk1.8.0_60.jdk/Contents/Home/jre/lib/./libosxapp.dylib
0x0000000004373000 	/System/Library/Frameworks/ExceptionHandling.framework/Versions/A/ExceptionHandling
0x0000000004373000 	/System/Library/PrivateFrameworks/CoreServicesInternal.framework/Versions/A/CoreServicesInternal
0x0000000004373000 	/System/Library/PrivateFrameworks/CloudDocs.framework/Versions/A/CloudDocs
0x0000000004373000 	/System/Library/PrivateFrameworks/CoreDuet.framework/Versions/A/CoreDuet
0x0000000004373000 	/System/Library/Frameworks/CloudKit.framework/Versions/A/CloudKit
0x0000000004373000 	/System/Library/PrivateFrameworks/ProtocolBuffer.framework/Versions/A/ProtocolBuffer
0x0000000004373000 	/System/Library/PrivateFrameworks/CoreDuetDaemonProtocol.framework/Versions/A/CoreDuetDaemonProtocol
0x0000000004373000 	/System/Library/PrivateFrameworks/CoreDuetDebugLogging.framework/Versions/A/CoreDuetDebugLogging
0x0000000004373000 	/System/Library/PrivateFrameworks/MMCS.framework/Versions/A/MMCS
0x0000000004373000 	/System/Library/Frameworks/CoreLocation.framework/Versions/A/CoreLocation
0x0000000004373000 	/System/Library/PrivateFrameworks/ProtectedCloudStorage.framework/Versions/A/ProtectedCloudStorage
0x0000000004373000 	/System/Library/PrivateFrameworks/GeoServices.framework/Versions/A/GeoServices
0x0000000004373000 	/System/Library/Frameworks/CoreGraphics.framework/Versions/A/Resources/libCGCMS.A.dylib
0x0000000004373000 	/System/Library/Frameworks/CoreGraphics.framework/Versions/A/Resources/libRIP.A.dylib
0x0000000004373000 	/System/Library/Frameworks/CoreGraphics.framework/Versions/A/Resources/libCGXType.A.dylib
0x0000000004373000 	/System/Library/Frameworks/OpenCL.framework/Versions/A/Libraries/libcldcpuengine.dylib
0x0000000004373000 	/System/Library/PrivateFrameworks/DiskImages.framework/Versions/A/DiskImages
0x0000000004373000 	/System/Library/Frameworks/DiscRecording.framework/Versions/A/DiscRecording
0x0000000004373000 	/usr/lib/libcsfde.dylib
0x0000000004373000 	/usr/lib/libcurl.4.dylib
0x0000000004373000 	/System/Library/PrivateFrameworks/MediaKit.framework/Versions/A/MediaKit
0x0000000004373000 	/usr/lib/libCoreStorage.dylib
0x0000000004373000 	/System/Library/PrivateFrameworks/EFILogin.framework/Versions/A/EFILogin
0x0000000004373000 	/usr/lib/libutil.dylib
0x0000000004373000 	/System/Library/PrivateFrameworks/FindMyDevice.framework/Versions/A/FindMyDevice
0x0000000004373000 	/System/Library/Frameworks/LDAP.framework/Versions/A/LDAP
0x0000000004373000 	/usr/lib/libsasl2.2.dylib
0x0000000004373000 	/System/Library/PrivateFrameworks/CoreDaemon.framework/Versions/B/CoreDaemon
0x0000000004373000 	/usr/lib/libcrypto.0.9.8.dylib
0x0000000004373000 	/System/Library/PrivateFrameworks/AppleSRP.framework/Versions/A/AppleSRP
0x0000000004373000 	/System/Library/PrivateFrameworks/TrustEvaluationAgent.framework/Versions/A/TrustEvaluationAgent
0x000000011bb16000 	cl_kernels
0x000000011bb18000 	/System/Library/Frameworks/OpenCL.framework/Versions/A/Libraries/ImageFormats/unorm8_bgra.dylib
0x000000011bb07000 	cl_kernels
0x0000000004373000 	/System/Library/PrivateFrameworks/FamilyControls.framework/Versions/A/FamilyControls
0x0000000004373000 	/System/Library/PrivateFrameworks/CommerceKit.framework/Versions/A/Frameworks/CommerceCore.framework/Versions/A/CommerceCore
0x0000000004373000 	/System/Library/PrivateFrameworks/SystemAdministration.framework/Versions/A/SystemAdministration
0x0000000004373000 	/System/Library/PrivateFrameworks/AppContainer.framework/Versions/A/AppContainer
0x0000000004373000 	/System/Library/PrivateFrameworks/SecCodeWrapper.framework/Versions/A/SecCodeWrapper
0x0000000004373000 	/System/Library/Frameworks/DirectoryService.framework/Versions/A/DirectoryService
0x0000000004373000 	/System/Library/PrivateFrameworks/LoginUIKit.framework/Versions/A/Frameworks/LoginUICore.framework/Versions/A/LoginUICore
0x0000000004373000 	/usr/lib/libodfde.dylib
0x000000011ccdb000 	/Library/Java/JavaVirtualMachines/jdk1.8.0_60.jdk/Contents/Home/jre/lib/libfontmanager.dylib
0x000000011cd42000 	/Users/esteban/Documents/workspace/lwjgl/native/macosx/liblwjgl.dylib
0x000000011b04c000 	/Library/Java/JavaVirtualMachines/jdk1.8.0_60.jdk/Contents/Home/jre/lib/libjawt.dylib
0x0000000004373000 	/System/Library/Frameworks/OpenGL.framework/Versions/A/Resources/GLEngine.bundle/GLEngine
0x0000000004373000 	/System/Library/Frameworks/OpenGL.framework/Versions/A/Libraries/libGLProgrammability.dylib
0x0000000000000000 	/System/Library/Extensions/GeForceTeslaGLDriver.bundle/Contents/MacOS/GeForceTeslaGLDriver
0x000000011cdc4000 	/System/Library/Extensions/GeForceTeslaGLDriver.bundle/Contents/MacOS/libclh.dylib
0x000000011b04f000 	/System/Library/PrivateFrameworks/GPUSupport.framework/Versions/A/Libraries/libGPUSupport.dylib
0x0000000004373000 	/System/Library/Frameworks/OpenGL.framework/Versions/A/Resources/GLRendererFloat.bundle/GLRendererFloat

VM Arguments:
jvm_args: -Djava.library.path=/Users/esteban/Documents/workspace/lwjgl/native/macosx -Dfile.encoding=UTF-8 
java_command: start_jar
java_class_path (initial): /Users/esteban/Documents/workspace/lwjgl/bin:/Users/esteban/Documents/workspace/lwjgl/jar/lwjgl.jar:/Users/esteban/Documents/workspace/lwjgl/jar/lwjgl_util.jar:/Users/esteban/Documents/workspace/lwjgl/jar/slick-util.jar
Launcher Type: SUN_STANDARD

Environment Variables:
PATH=/usr/bin:/bin:/usr/sbin:/sbin
SHELL=/bin/bash

Signal Handlers:
SIGSEGV: [libjvm.dylib+0x5a6d31], sa_mask[0]=11111111011111110111111111111111, sa_flags=SA_ONSTACK|SA_RESTART|SA_SIGINFO
SIGBUS: [libjvm.dylib+0x5a6d31], sa_mask[0]=11111111011111110111111111111111, sa_flags=SA_RESTART|SA_SIGINFO
SIGFPE: [libjvm.dylib+0x480a4c], sa_mask[0]=11111111011111110111111111111111, sa_flags=SA_RESTART|SA_SIGINFO
SIGPIPE: [libjvm.dylib+0x480a4c], sa_mask[0]=11111111011111110111111111111111, sa_flags=SA_RESTART|SA_SIGINFO
SIGXFSZ: [libjvm.dylib+0x480a4c], sa_mask[0]=11111111011111110111111111111111, sa_flags=SA_RESTART|SA_SIGINFO
SIGILL: [libjvm.dylib+0x480a4c], sa_mask[0]=11111111011111110111111111111111, sa_flags=SA_RESTART|SA_SIGINFO
SIGUSR1: SIG_DFL, sa_mask[0]=00000000000000000000000000000000, sa_flags=none
SIGUSR2: [libjvm.dylib+0x48056a], sa_mask[0]=00100000000000000000000000000000, sa_flags=SA_RESTART|SA_SIGINFO
SIGHUP: [libjvm.dylib+0x47eb41], sa_mask[0]=11111111011111110111111111111111, sa_flags=SA_RESTART|SA_SIGINFO
SIGINT: [libjvm.dylib+0x47eb41], sa_mask[0]=11111111011111110111111111111111, sa_flags=SA_RESTART|SA_SIGINFO
SIGTERM: [libjvm.dylib+0x47eb41], sa_mask[0]=11111111011111110111111111111111, sa_flags=SA_RESTART|SA_SIGINFO
SIGQUIT: [libjvm.dylib+0x47eb41], sa_mask[0]=11111111011111110111111111111111, sa_flags=SA_RESTART|SA_SIGINFO


---------------  S Y S T E M  ---------------

OS:Bsduname:Darwin 14.4.0 Darwin Kernel Version 14.4.0: Thu May 28 11:35:04 PDT 2015; root:xnu-2782.30.5~1/RELEASE_X86_64 x86_64
rlimit: STACK 8192k, CORE 0k, NPROC 709, NOFILE 10240, AS infinity
load average:3.83 5.62 14.02

CPU:total 2 (2 cores per cpu, 1 threads per core) family 6 model 23 stepping 10, cmov, cx8, fxsr, mmx, sse, sse2, sse3, ssse3, sse4.1, tsc

Memory: 4k page, physical 5242880k(102104k free)

/proc/meminfo:


vm_info: Java HotSpot(TM) 64-Bit Server VM (25.60-b23) for bsd-amd64 JRE (1.8.0_60-b27), built on Aug  4 2015 10:47:24 by "java_re" with gcc 4.2.1 (Based on Apple Inc. build 5658) (LLVM build 2336.11.00)

time: Tue Oct 13 07:41:34 2015
elapsed time: 8 seconds (0d 0h 0m 8s)

